<?xml version="1.0" encoding="UTF-8"?>
<!-- Generated by org.testng.reporters.JUnitXMLReporter -->
<testsuite ignored="0" hostname="LTIN523104" failures="1" tests="8" name="ChromeTest" time="90.819" errors="0" timestamp="2025-04-26T21:33:35 IST">
  <testcase classname="testCases.WebDevelopment" name="enterText" time="13.121"/>
  <testcase classname="testCases.WebDevelopment" name="filterCourses" time="11.002"/>
  <testcase classname="testCases.WebDevelopment" name="printCourseDetails" time="0.391"/>
  <testcase classname="testCases.LanguageLearning" name="SearchLanguageLearning" time="6.148"/>
  <testcase classname="testCases.LanguageLearning" name="printNoOfCourses" time="19.248"/>
  <testcase classname="testCases.ForEnterprise" name="clickOnForEnterprise" time="7.57"/>
  <testcase classname="testCases.ForEnterprise" name="fillFormAndSubmit" time="13.991"/>
  <testcase classname="testCases.ForEnterprise" name="fillFormAndSubmit" time="3.351">
    <failure type="java.lang.AssertionError" message="expected [false] but found [true]">
      <![CDATA[java.lang.AssertionError: expected [false] but found [true]
at PageObjects.EnterpriseForm.isValidEmail(EnterpriseForm.java:164)
at testCases.ForEnterprise.fillFormAndSubmit(ForEnterprise.java:52)
at java.base/java.util.ArrayList.forEach(ArrayList.java:1596)
... Removed 29 stack frames]]>
    </failure>
  </testcase> <!-- fillFormAndSubmit -->
</testsuite> <!-- ChromeTest -->
