<?xml version="1.0" encoding="UTF-8"?>
<testng-results ignored="0" total="16" passed="14" failed="2" skipped="0">
  <reporter-output>
  </reporter-output>
  <suite started-at="2025-04-26T21:32:04 IST" name="Suite" finished-at="2025-04-26T21:35:05 IST" duration-ms="181077">
    <groups>
    </groups>
    <test started-at="2025-04-26T21:32:04 IST" name="ChromeTest" finished-at="2025-04-26T21:33:34 IST" duration-ms="90819">
      <class name="testCases.ForEnterprise">
        <test-method is-config="true" signature="setUp()[pri:0, instance:testCases.ForEnterprise@368f2016]" started-at="2025-04-26T21:33:03 IST" name="setUp" finished-at="2025-04-26T21:33:03 IST" duration-ms="307" status="PASS">
          <reporter-output>
          </reporter-output>
        </test-method> <!-- setUp -->
        <test-method signature="clickOnForEnterprise()[pri:0, instance:testCases.ForEnterprise@368f2016]" started-at="2025-04-26T21:33:03 IST" name="clickOnForEnterprise" finished-at="2025-04-26T21:33:11 IST" duration-ms="7570" status="PASS">
          <reporter-output>
          </reporter-output>
        </test-method> <!-- clickOnForEnterprise -->
        <test-method signature="fillFormAndSubmit(java.lang.String,java.lang.String,java.lang.String,java.lang.String,java.lang.String,java.lang.String,java.lang.String,java.lang.String,java.lang.String,java.lang.String,java.lang.String)[pri:0, instance:testCases.ForEnterprise@368f2016]" started-at="2025-04-26T21:33:12 IST" name="fillFormAndSubmit" data-provider="FormData" finished-at="2025-04-26T21:33:26 IST" duration-ms="13991" status="PASS">
          <params>
            <param index="0">
              <value>
                <![CDATA[Jhon]]>
              </value>
            </param>
            <param index="1">
              <value>
                <![CDATA[Deo]]>
              </value>
            </param>
            <param index="2">
              <value>
                <![CDATA[xyz@abc.com]]>
              </value>
            </param>
            <param index="3">
              <value>
                <![CDATA[1234567890]]>
              </value>
            </param>
            <param index="4">
              <value>
                <![CDATA[Developer]]>
              </value>
            </param>
            <param index="5">
              <value>
                <![CDATA[1-4]]>
              </value>
            </param>
            <param index="6">
              <value>
                <![CDATA[Yes]]>
              </value>
            </param>
            <param index="7">
              <value>
                <![CDATA[India]]>
              </value>
            </param>
            <param index="8">
              <value>
                <![CDATA[Telangana]]>
              </value>
            </param>
            <param index="9">
              <value>
                <![CDATA[Get in touch with sales]]>
              </value>
            </param>
            <param index="10">
              <value>
                <![CDATA[]]>
              </value>
            </param>
          </params>
          <reporter-output>
          </reporter-output>
        </test-method> <!-- fillFormAndSubmit -->
        <test-method signature="fillFormAndSubmit(java.lang.String,java.lang.String,java.lang.String,java.lang.String,java.lang.String,java.lang.String,java.lang.String,java.lang.String,java.lang.String,java.lang.String,java.lang.String)[pri:0, instance:testCases.ForEnterprise@368f2016]" started-at="2025-04-26T21:33:26 IST" name="fillFormAndSubmit" data-provider="FormData" finished-at="2025-04-26T21:33:29 IST" duration-ms="3351" status="FAIL">
          <params>
            <param index="0">
              <value>
                <![CDATA[Jhon]]>
              </value>
            </param>
            <param index="1">
              <value>
                <![CDATA[Deo]]>
              </value>
            </param>
            <param index="2">
              <value>
                <![CDATA[xyy.com]]>
              </value>
            </param>
            <param index="3">
              <value>
                <![CDATA[1234567890]]>
              </value>
            </param>
            <param index="4">
              <value>
                <![CDATA[Developer]]>
              </value>
            </param>
            <param index="5">
              <value>
                <![CDATA[26-100]]>
              </value>
            </param>
            <param index="6">
              <value>
                <![CDATA[Yes]]>
              </value>
            </param>
            <param index="7">
              <value>
                <![CDATA[India]]>
              </value>
            </param>
            <param index="8">
              <value>
                <![CDATA[Telangana]]>
              </value>
            </param>
            <param index="9">
              <value>
                <![CDATA[Learner Support]]>
              </value>
            </param>
            <param index="10">
              <value>
                <![CDATA[]]>
              </value>
            </param>
          </params>
          <exception class="java.lang.AssertionError">
            <message>
              <![CDATA[expected [false] but found [true]]]>
            </message>
            <full-stacktrace>
              <![CDATA[java.lang.AssertionError: expected [false] but found [true]
at org.testng.Assert.fail(Assert.java:110)
at org.testng.Assert.failNotEquals(Assert.java:1413)
at org.testng.Assert.assertFalse(Assert.java:78)
at org.testng.Assert.assertFalse(Assert.java:88)
at PageObjects.EnterpriseForm.isValidEmail(EnterpriseForm.java:164)
at testCases.ForEnterprise.fillFormAndSubmit(ForEnterprise.java:52)
at java.base/jdk.internal.reflect.DirectMethodHandleAccessor.invoke(DirectMethodHandleAccessor.java:103)
at java.base/java.lang.reflect.Method.invoke(Method.java:580)
at org.testng.internal.invokers.MethodInvocationHelper.invokeMethod(MethodInvocationHelper.java:139)
at org.testng.internal.invokers.TestInvoker.invokeMethod(TestInvoker.java:677)
at org.testng.internal.invokers.TestInvoker.invokeTestMethod(TestInvoker.java:221)
at org.testng.internal.invokers.MethodRunner.runInSequence(MethodRunner.java:50)
at org.testng.internal.invokers.TestInvoker$MethodInvocationAgent.invoke(TestInvoker.java:969)
at org.testng.internal.invokers.TestInvoker.invokeTestMethods(TestInvoker.java:194)
at org.testng.internal.invokers.TestMethodWorker.invokeTestMethods(TestMethodWorker.java:148)
at org.testng.internal.invokers.TestMethodWorker.run(TestMethodWorker.java:128)
at java.base/java.util.ArrayList.forEach(ArrayList.java:1596)
at org.testng.TestRunner.privateRun(TestRunner.java:829)
at org.testng.TestRunner.run(TestRunner.java:602)
at org.testng.SuiteRunner.runTest(SuiteRunner.java:437)
at org.testng.SuiteRunner.runSequentially(SuiteRunner.java:431)
at org.testng.SuiteRunner.privateRun(SuiteRunner.java:391)
at org.testng.SuiteRunner.run(SuiteRunner.java:330)
at org.testng.SuiteRunnerWorker.runSuite(SuiteRunnerWorker.java:52)
at org.testng.SuiteRunnerWorker.run(SuiteRunnerWorker.java:95)
at org.testng.TestNG.runSuitesSequentially(TestNG.java:1256)
at org.testng.TestNG.runSuitesLocally(TestNG.java:1176)
at org.testng.TestNG.runSuites(TestNG.java:1099)
at org.testng.TestNG.run(TestNG.java:1067)
at org.testng.remote.AbstractRemoteTestNG.run(AbstractRemoteTestNG.java:115)
at org.testng.remote.RemoteTestNG.initAndRun(RemoteTestNG.java:251)
at org.testng.remote.RemoteTestNG.main(RemoteTestNG.java:77)
]]>
            </full-stacktrace>
          </exception> <!-- java.lang.AssertionError -->
          <reporter-output>
          </reporter-output>
        </test-method> <!-- fillFormAndSubmit -->
        <test-method is-config="true" signature="closeDriver()[pri:0, instance:testCases.ForEnterprise@368f2016]" started-at="2025-04-26T21:33:30 IST" name="closeDriver" finished-at="2025-04-26T21:33:34 IST" duration-ms="4861" status="PASS">
          <reporter-output>
          </reporter-output>
        </test-method> <!-- closeDriver -->
      </class> <!-- testCases.ForEnterprise -->
      <class name="testCases.WebDevelopment">
        <test-method is-config="true" signature="getDriver(java.lang.String)[pri:0, instance:testCases.WebDevelopment@31304f14]" started-at="2025-04-26T21:32:04 IST" name="getDriver" finished-at="2025-04-26T21:32:13 IST" duration-ms="8394" status="PASS">
          <params>
            <param index="0">
              <value>
                <![CDATA[chrome]]>
              </value>
            </param>
          </params>
          <reporter-output>
          </reporter-output>
        </test-method> <!-- getDriver -->
        <test-method is-config="true" signature="setUp()[pri:0, instance:testCases.WebDevelopment@31304f14]" started-at="2025-04-26T21:32:13 IST" name="setUp" finished-at="2025-04-26T21:32:13 IST" duration-ms="223" status="PASS">
          <reporter-output>
          </reporter-output>
        </test-method> <!-- setUp -->
        <test-method signature="enterText()[pri:1, instance:testCases.WebDevelopment@31304f14]" started-at="2025-04-26T21:32:13 IST" name="enterText" finished-at="2025-04-26T21:32:26 IST" duration-ms="13121" status="PASS">
          <reporter-output>
          </reporter-output>
        </test-method> <!-- enterText -->
        <test-method signature="filterCourses()[pri:0, instance:testCases.WebDevelopment@31304f14]" started-at="2025-04-26T21:32:26 IST" name="filterCourses" finished-at="2025-04-26T21:32:37 IST" depends-on-methods="testCases.WebDevelopment.enterText" duration-ms="11002" status="PASS">
          <reporter-output>
          </reporter-output>
        </test-method> <!-- filterCourses -->
        <test-method signature="printCourseDetails()[pri:0, instance:testCases.WebDevelopment@31304f14]" started-at="2025-04-26T21:32:37 IST" name="printCourseDetails" finished-at="2025-04-26T21:32:37 IST" depends-on-methods="testCases.WebDevelopment.enterText" duration-ms="391" status="PASS">
          <reporter-output>
          </reporter-output>
        </test-method> <!-- printCourseDetails -->
        <test-method is-config="true" signature="closeDriver()[pri:0, instance:testCases.WebDevelopment@31304f14]" started-at="2025-04-26T21:32:37 IST" name="closeDriver" finished-at="2025-04-26T21:32:37 IST" duration-ms="2" status="PASS">
          <reporter-output>
          </reporter-output>
        </test-method> <!-- closeDriver -->
      </class> <!-- testCases.WebDevelopment -->
      <class name="testCases.LanguageLearning">
        <test-method is-config="true" signature="setUp()[pri:0, instance:testCases.LanguageLearning@4d5d943d]" started-at="2025-04-26T21:32:37 IST" name="setUp" finished-at="2025-04-26T21:32:37 IST" duration-ms="0" status="PASS">
          <reporter-output>
          </reporter-output>
        </test-method> <!-- setUp -->
        <test-method signature="SearchLanguageLearning()[pri:0, instance:testCases.LanguageLearning@4d5d943d]" started-at="2025-04-26T21:32:37 IST" name="SearchLanguageLearning" finished-at="2025-04-26T21:32:44 IST" duration-ms="6148" status="PASS">
          <reporter-output>
          </reporter-output>
        </test-method> <!-- SearchLanguageLearning -->
        <test-method signature="printNoOfCourses()[pri:0, instance:testCases.LanguageLearning@4d5d943d]" started-at="2025-04-26T21:32:44 IST" name="printNoOfCourses" finished-at="2025-04-26T21:33:03 IST" depends-on-methods="testCases.LanguageLearning.SearchLanguageLearning" duration-ms="19248" status="PASS">
          <reporter-output>
          </reporter-output>
        </test-method> <!-- printNoOfCourses -->
      </class> <!-- testCases.LanguageLearning -->
    </test> <!-- ChromeTest -->
    <test started-at="2025-04-26T21:33:35 IST" name="EdgeTest" finished-at="2025-04-26T21:35:05 IST" duration-ms="89291">
      <class name="testCases.ForEnterprise">
        <test-method is-config="true" signature="setUp()[pri:0, instance:testCases.ForEnterprise@7586beff]" started-at="2025-04-26T21:34:35 IST" name="setUp" finished-at="2025-04-26T21:34:35 IST" duration-ms="291" status="PASS">
          <reporter-output>
          </reporter-output>
        </test-method> <!-- setUp -->
        <test-method signature="clickOnForEnterprise()[pri:0, instance:testCases.ForEnterprise@7586beff]" started-at="2025-04-26T21:34:35 IST" name="clickOnForEnterprise" finished-at="2025-04-26T21:34:42 IST" duration-ms="7267" status="PASS">
          <reporter-output>
          </reporter-output>
        </test-method> <!-- clickOnForEnterprise -->
        <test-method signature="fillFormAndSubmit(java.lang.String,java.lang.String,java.lang.String,java.lang.String,java.lang.String,java.lang.String,java.lang.String,java.lang.String,java.lang.String,java.lang.String,java.lang.String)[pri:0, instance:testCases.ForEnterprise@7586beff]" started-at="2025-04-26T21:34:42 IST" name="fillFormAndSubmit" data-provider="FormData" finished-at="2025-04-26T21:34:56 IST" duration-ms="13649" status="PASS">
          <params>
            <param index="0">
              <value>
                <![CDATA[Jhon]]>
              </value>
            </param>
            <param index="1">
              <value>
                <![CDATA[Deo]]>
              </value>
            </param>
            <param index="2">
              <value>
                <![CDATA[xyz@abc.com]]>
              </value>
            </param>
            <param index="3">
              <value>
                <![CDATA[1234567890]]>
              </value>
            </param>
            <param index="4">
              <value>
                <![CDATA[Developer]]>
              </value>
            </param>
            <param index="5">
              <value>
                <![CDATA[1-4]]>
              </value>
            </param>
            <param index="6">
              <value>
                <![CDATA[Yes]]>
              </value>
            </param>
            <param index="7">
              <value>
                <![CDATA[India]]>
              </value>
            </param>
            <param index="8">
              <value>
                <![CDATA[Telangana]]>
              </value>
            </param>
            <param index="9">
              <value>
                <![CDATA[Get in touch with sales]]>
              </value>
            </param>
            <param index="10">
              <value>
                <![CDATA[]]>
              </value>
            </param>
          </params>
          <reporter-output>
          </reporter-output>
        </test-method> <!-- fillFormAndSubmit -->
        <test-method signature="fillFormAndSubmit(java.lang.String,java.lang.String,java.lang.String,java.lang.String,java.lang.String,java.lang.String,java.lang.String,java.lang.String,java.lang.String,java.lang.String,java.lang.String)[pri:0, instance:testCases.ForEnterprise@7586beff]" started-at="2025-04-26T21:34:56 IST" name="fillFormAndSubmit" data-provider="FormData" finished-at="2025-04-26T21:34:59 IST" duration-ms="3259" status="FAIL">
          <params>
            <param index="0">
              <value>
                <![CDATA[Jhon]]>
              </value>
            </param>
            <param index="1">
              <value>
                <![CDATA[Deo]]>
              </value>
            </param>
            <param index="2">
              <value>
                <![CDATA[xyy.com]]>
              </value>
            </param>
            <param index="3">
              <value>
                <![CDATA[1234567890]]>
              </value>
            </param>
            <param index="4">
              <value>
                <![CDATA[Developer]]>
              </value>
            </param>
            <param index="5">
              <value>
                <![CDATA[26-100]]>
              </value>
            </param>
            <param index="6">
              <value>
                <![CDATA[Yes]]>
              </value>
            </param>
            <param index="7">
              <value>
                <![CDATA[India]]>
              </value>
            </param>
            <param index="8">
              <value>
                <![CDATA[Telangana]]>
              </value>
            </param>
            <param index="9">
              <value>
                <![CDATA[Learner Support]]>
              </value>
            </param>
            <param index="10">
              <value>
                <![CDATA[]]>
              </value>
            </param>
          </params>
          <exception class="java.lang.AssertionError">
            <message>
              <![CDATA[expected [false] but found [true]]]>
            </message>
            <full-stacktrace>
              <![CDATA[java.lang.AssertionError: expected [false] but found [true]
at org.testng.Assert.fail(Assert.java:110)
at org.testng.Assert.failNotEquals(Assert.java:1413)
at org.testng.Assert.assertFalse(Assert.java:78)
at org.testng.Assert.assertFalse(Assert.java:88)
at PageObjects.EnterpriseForm.isValidEmail(EnterpriseForm.java:164)
at testCases.ForEnterprise.fillFormAndSubmit(ForEnterprise.java:52)
at java.base/jdk.internal.reflect.DirectMethodHandleAccessor.invoke(DirectMethodHandleAccessor.java:103)
at java.base/java.lang.reflect.Method.invoke(Method.java:580)
at org.testng.internal.invokers.MethodInvocationHelper.invokeMethod(MethodInvocationHelper.java:139)
at org.testng.internal.invokers.TestInvoker.invokeMethod(TestInvoker.java:677)
at org.testng.internal.invokers.TestInvoker.invokeTestMethod(TestInvoker.java:221)
at org.testng.internal.invokers.MethodRunner.runInSequence(MethodRunner.java:50)
at org.testng.internal.invokers.TestInvoker$MethodInvocationAgent.invoke(TestInvoker.java:969)
at org.testng.internal.invokers.TestInvoker.invokeTestMethods(TestInvoker.java:194)
at org.testng.internal.invokers.TestMethodWorker.invokeTestMethods(TestMethodWorker.java:148)
at org.testng.internal.invokers.TestMethodWorker.run(TestMethodWorker.java:128)
at java.base/java.util.ArrayList.forEach(ArrayList.java:1596)
at org.testng.TestRunner.privateRun(TestRunner.java:829)
at org.testng.TestRunner.run(TestRunner.java:602)
at org.testng.SuiteRunner.runTest(SuiteRunner.java:437)
at org.testng.SuiteRunner.runSequentially(SuiteRunner.java:431)
at org.testng.SuiteRunner.privateRun(SuiteRunner.java:391)
at org.testng.SuiteRunner.run(SuiteRunner.java:330)
at org.testng.SuiteRunnerWorker.runSuite(SuiteRunnerWorker.java:52)
at org.testng.SuiteRunnerWorker.run(SuiteRunnerWorker.java:95)
at org.testng.TestNG.runSuitesSequentially(TestNG.java:1256)
at org.testng.TestNG.runSuitesLocally(TestNG.java:1176)
at org.testng.TestNG.runSuites(TestNG.java:1099)
at org.testng.TestNG.run(TestNG.java:1067)
at org.testng.remote.AbstractRemoteTestNG.run(AbstractRemoteTestNG.java:115)
at org.testng.remote.RemoteTestNG.initAndRun(RemoteTestNG.java:251)
at org.testng.remote.RemoteTestNG.main(RemoteTestNG.java:77)
]]>
            </full-stacktrace>
          </exception> <!-- java.lang.AssertionError -->
          <reporter-output>
          </reporter-output>
        </test-method> <!-- fillFormAndSubmit -->
        <test-method is-config="true" signature="closeDriver()[pri:0, instance:testCases.ForEnterprise@7586beff]" started-at="2025-04-26T21:35:00 IST" name="closeDriver" finished-at="2025-04-26T21:35:05 IST" duration-ms="5107" status="PASS">
          <reporter-output>
          </reporter-output>
        </test-method> <!-- closeDriver -->
      </class> <!-- testCases.ForEnterprise -->
      <class name="testCases.WebDevelopment">
        <test-method is-config="true" signature="getDriver(java.lang.String)[pri:0, instance:testCases.WebDevelopment@1165b38]" started-at="2025-04-26T21:33:35 IST" name="getDriver" finished-at="2025-04-26T21:33:46 IST" duration-ms="10392" status="PASS">
          <params>
            <param index="0">
              <value>
                <![CDATA[edge]]>
              </value>
            </param>
          </params>
          <reporter-output>
          </reporter-output>
        </test-method> <!-- getDriver -->
        <test-method is-config="true" signature="setUp()[pri:0, instance:testCases.WebDevelopment@1165b38]" started-at="2025-04-26T21:33:46 IST" name="setUp" finished-at="2025-04-26T21:33:46 IST" duration-ms="16" status="PASS">
          <reporter-output>
          </reporter-output>
        </test-method> <!-- setUp -->
        <test-method signature="enterText()[pri:1, instance:testCases.WebDevelopment@1165b38]" started-at="2025-04-26T21:33:46 IST" name="enterText" finished-at="2025-04-26T21:33:57 IST" duration-ms="10863" status="PASS">
          <reporter-output>
          </reporter-output>
        </test-method> <!-- enterText -->
        <test-method signature="filterCourses()[pri:0, instance:testCases.WebDevelopment@1165b38]" started-at="2025-04-26T21:33:57 IST" name="filterCourses" finished-at="2025-04-26T21:34:10 IST" depends-on-methods="testCases.WebDevelopment.enterText" duration-ms="12903" status="PASS">
          <reporter-output>
          </reporter-output>
        </test-method> <!-- filterCourses -->
        <test-method signature="printCourseDetails()[pri:0, instance:testCases.WebDevelopment@1165b38]" started-at="2025-04-26T21:34:10 IST" name="printCourseDetails" finished-at="2025-04-26T21:34:10 IST" depends-on-methods="testCases.WebDevelopment.enterText" duration-ms="415" status="PASS">
          <reporter-output>
          </reporter-output>
        </test-method> <!-- printCourseDetails -->
        <test-method is-config="true" signature="closeDriver()[pri:0, instance:testCases.WebDevelopment@1165b38]" started-at="2025-04-26T21:34:10 IST" name="closeDriver" finished-at="2025-04-26T21:34:10 IST" duration-ms="0" status="PASS">
          <reporter-output>
          </reporter-output>
        </test-method> <!-- closeDriver -->
      </class> <!-- testCases.WebDevelopment -->
      <class name="testCases.LanguageLearning">
        <test-method signature="SearchLanguageLearning()[pri:0, instance:testCases.LanguageLearning@4c12331b]" started-at="2025-04-26T21:34:10 IST" name="SearchLanguageLearning" finished-at="2025-04-26T21:34:16 IST" duration-ms="6332" status="PASS">
          <reporter-output>
          </reporter-output>
        </test-method> <!-- SearchLanguageLearning -->
        <test-method is-config="true" signature="setUp()[pri:0, instance:testCases.LanguageLearning@4c12331b]" started-at="2025-04-26T21:34:10 IST" name="setUp" finished-at="2025-04-26T21:34:10 IST" duration-ms="0" status="PASS">
          <reporter-output>
          </reporter-output>
        </test-method> <!-- setUp -->
        <test-method signature="printNoOfCourses()[pri:0, instance:testCases.LanguageLearning@4c12331b]" started-at="2025-04-26T21:34:16 IST" name="printNoOfCourses" finished-at="2025-04-26T21:34:35 IST" depends-on-methods="testCases.LanguageLearning.SearchLanguageLearning" duration-ms="18342" status="PASS">
          <reporter-output>
          </reporter-output>
        </test-method> <!-- printNoOfCourses -->
      </class> <!-- testCases.LanguageLearning -->
    </test> <!-- EdgeTest -->
  </suite> <!-- Suite -->
</testng-results>
